0 info it worked if it ends with ok
1 verbose cli [ 'node', '/usr/local/bin/npm', 'version', 'patch' ]
2 info using npm@2.7.5
3 info using node@v0.12.2
4 info git [ 'status', '--porcelain' ]
5 verbose stack Error: Git working directory not clean.
5 verbose stack A  .npmrc
5 verbose stack A  node_modules/once/LICENSE
5 verbose stack A  node_modules/once/README.md
5 verbose stack A  node_modules/once/once.js
5 verbose stack A  node_modules/once/package.json
5 verbose stack A  node_modules/once/test/once.js
5 verbose stack AD npm-debug.log
5 verbose stack M  package.json
5 verbose stack A  test.js
5 verbose stack     at /usr/local/lib/node_modules/npm/lib/version.js:138:37
5 verbose stack     at /usr/local/lib/node_modules/npm/lib/utils/git.js:26:8
5 verbose stack     at ChildProcess.exithandler (child_process.js:742:7)
5 verbose stack     at ChildProcess.emit (events.js:110:17)
5 verbose stack     at maybeClose (child_process.js:1015:16)
5 verbose stack     at Socket.<anonymous> (child_process.js:1183:11)
5 verbose stack     at Socket.emit (events.js:107:17)
5 verbose stack     at Pipe.close (net.js:485:12)
6 verbose cwd /Users/dan/npm-tests
7 error Darwin 14.1.0
8 error argv "node" "/usr/local/bin/npm" "version" "patch"
9 error node v0.12.2
10 error npm  v2.7.5
11 error Git working directory not clean.
11 error A  .npmrc
11 error A  node_modules/once/LICENSE
11 error A  node_modules/once/README.md
11 error A  node_modules/once/once.js
11 error A  node_modules/once/package.json
11 error A  node_modules/once/test/once.js
11 error AD npm-debug.log
11 error M  package.json
11 error A  test.js
12 error If you need help, you may report this error at:
12 error     <https://github.com/npm/npm/issues>
13 verbose exit [ 1, true ]
